<?xml version="1.0" encoding="UTF-8"?>
<!-- Generated by org.testng.reporters.JUnitReportReporter -->
<testsuite skipped="0" hostname="DESKTOP-545D5VP" name="com.epam.RestApi.BasicTest.BasicTestOfStatusCode" tests="1" failures="0" timestamp="25 Oct 2021 03:43:21 GMT" time="1.937" errors="0">
  <testcase name="ValidateStatusCode" time="1.937" classname="com.epam.RestApi.BasicTest.BasicTestOfStatusCode"/>
</testsuite> <!-- com.epam.RestApi.BasicTest.BasicTestOfStatusCode -->
